[2019-05-09 16:18:50] Error text: Undefined variable: test | file: /var/www/phpMVCWebForMyself/app/controllers/MainController.php | Line: 14
=Next Error=
[2019-05-09 16:18:50] Error text:  | file:  | Line: 
=Next Error=
[2019-05-09 16:19:08] Error text: Undefined variable: test | file: /var/www/phpMVCWebForMyself/app/controllers/MainController.php | Line: 14
=Next Error=
[2019-05-09 16:19:08] Error text: Function name must be a string | file: /var/www/phpMVCWebForMyself/app/controllers/MainController.php | Line: 14
=Next Error=
[2019-05-09 16:19:08] Error text:  | file:  | Line: 
=Next Error=
[2019-05-09 16:19:16] Error text:  | file:  | Line: 
=Next Error=
[2019-05-09 16:56:33] Error text: Controller doesn\'t exist | file: /var/www/phpMVCWebForMyself/vendor/core/Router.php | Line: 98
=Next Error=
[2019-05-09 16:56:33] Error text:  | file:  | Line: 
=Next Error=
[2019-05-09 16:56:55] Error text: Controller doesn\'t exist | file: /var/www/phpMVCWebForMyself/vendor/core/Router.php | Line: 98
=Next Error=
[2019-05-09 16:56:55] Error text:  | file:  | Line: 
=Next Error=
[2019-05-09 16:56:56] Error text: Controller doesn\'t exist | file: /var/www/phpMVCWebForMyself/vendor/core/Router.php | Line: 98
=Next Error=
[2019-05-09 16:56:56] Error text:  | file:  | Line: 
=Next Error=
[2019-05-09 16:57:06] Error text: Controller doesn\'t exist | file: /var/www/phpMVCWebForMyself/vendor/core/Router.php | Line: 98
=Next Error=
[2019-05-09 16:57:06] Error text:  | file:  | Line: 
=Next Error=
[2019-05-09 17:00:54] Error text: Controller doesn\'t exist | file: /var/www/phpMVCWebForMyself/vendor/core/Router.php | Line: 98
=Next Error=
[2019-05-09 17:00:54] Error text:  | file:  | Line: 
=Next Error=
[2019-05-09 17:32:42] Error text: Controller doesn\'t exist | file: /var/www/phpMVCWebForMyself/vendor/core/Router.php | Line: 98
=Next Error=
[2019-05-09 17:32:42] Error text:  | file:  | Line: 
=Next Error=
[2019-05-09 17:32:43] Error text: Controller doesn\'t exist | file: /var/www/phpMVCWebForMyself/vendor/core/Router.php | Line: 98
=Next Error=
[2019-05-09 17:32:43] Error text:  | file:  | Line: 
=Next Error=
[2019-05-09 17:33:54] Error text: Controller doesn\'t exist | file: /var/www/phpMVCWebForMyself/vendor/core/Router.php | Line: 98
=Next Error=
[2019-05-09 17:33:54] Error text:  | file:  | Line: 
=Next Error=
[2019-05-09 17:36:05] Error text: Controller app\controllers\TestController doesn\'t exist | file: /var/www/phpMVCWebForMyself/vendor/core/Router.php | Line: 98
=Next Error=
[2019-05-09 17:36:05] Error text:  | file:  | Line: 
=Next Error=
[2019-05-09 17:37:57] Error text: Controller app\controllers\TestController doesn\'t exist | file: /var/www/phpMVCWebForMyself/vendor/core/Router.php | Line: 99
=Next Error=
[2019-05-09 17:37:57] Error text:  | file:  | Line: 
=Next Error=
[2019-05-09 17:42:27] Error text: Controller app\controllers\TestController doesn\'t exist | file: /var/www/phpMVCWebForMyself/vendor/core/Router.php | Line: 99
=Next Error=
[2019-05-09 17:42:27] Error text:  | file:  | Line: 
=Next Error=
